c:\full sail\engine development\memorymanagement\renderer\renderer\x64\debug\vc143.pdb
c:\full sail\engine development\memorymanagement\renderer\renderer\x64\debug\vc143.idb
c:\full sail\engine development\memorymanagement\renderer\renderer\x64\debug\renderer.obj
c:\full sail\engine development\memorymanagement\renderer\renderer\x64\debug\main.obj
c:\full sail\engine development\memorymanagement\renderer\renderer\x64\debug\dev_app.obj
c:\full sail\engine development\memorymanagement\renderer\renderer\x64\debug\debug_renderer.obj
c:\full sail\engine development\memorymanagement\renderer\renderer\x64\debug\blob.obj
c:\full sail\engine development\matrixbehaviors\renderer\x64\debug\vc143.pdb
c:\full sail\engine development\matrixbehaviors\renderer\x64\debug\vc143.idb
c:\full sail\engine development\matrixbehaviors\renderer\x64\debug\renderer.obj
c:\full sail\engine development\matrixbehaviors\renderer\x64\debug\debug_renderer.obj
c:\full sail\engine development\matrixbehaviors\renderer\x64\debug\blob.obj
c:\full sail\engine development\matrixbehaviors\renderer\x64\debug\main.obj
c:\full sail\engine development\matrixbehaviors\renderer\x64\debug\dev_app.obj
c:\full sail\engine development\frustumculling\renderer\x64\debug\vc143.pdb
c:\full sail\engine development\frustumculling\renderer\x64\debug\vc143.idb
c:\full sail\engine development\frustumculling\renderer\x64\debug\renderer.obj
c:\full sail\engine development\frustumculling\renderer\x64\debug\main.obj
c:\full sail\engine development\frustumculling\renderer\x64\debug\debug_renderer.obj
c:\full sail\engine development\frustumculling\renderer\x64\debug\blob.obj
c:\full sail\engine development\memorymanagement\renderer\renderer\ps_cube.cso
c:\full sail\engine development\memorymanagement\renderer\renderer\ps_line.cso
c:\full sail\engine development\memorymanagement\renderer\renderer\vs_cube.cso
c:\full sail\engine development\memorymanagement\renderer\renderer\vs_line.cso
c:\full sail\engine development\matrixbehaviors\renderer\ps_cube.cso
c:\full sail\engine development\matrixbehaviors\renderer\ps_line.cso
c:\full sail\engine development\matrixbehaviors\renderer\vs_cube.cso
c:\full sail\engine development\matrixbehaviors\renderer\vs_line.cso
c:\full sail\engine development\frustumculling\renderer\ps_cube.cso
c:\full sail\engine development\frustumculling\renderer\ps_line.cso
c:\full sail\engine development\frustumculling\renderer\vs_cube.cso
c:\full sail\engine development\frustumculling\renderer\vs_line.cso
c:\full sail\engine development\memorymanagement\renderer\x64\debug\renderer.exe
c:\full sail\engine development\memorymanagement\renderer\renderer\x64\debug\renderer.ilk
c:\full sail\engine development\memorymanagement\renderer\x64\debug\renderer.pdb
c:\full sail\engine development\matrixbehaviors\renderer\x64\debug\renderer.ilk
c:\full sail\engine development\matrixbehaviors\x64\debug\renderer.exe
c:\full sail\engine development\matrixbehaviors\x64\debug\renderer.pdb
c:\full sail\engine development\frustumculling\renderer\x64\debug\dev_app.obj
c:\full sail\engine development\frustumculling\renderer\x64\debug\renderer.ilk
c:\full sail\engine development\frustumculling\renderer\x64\debug\renderer.tlog\cl.command.1.tlog
c:\full sail\engine development\frustumculling\renderer\x64\debug\renderer.tlog\cl.read.1.tlog
c:\full sail\engine development\frustumculling\renderer\x64\debug\renderer.tlog\cl.write.1.tlog
c:\full sail\engine development\frustumculling\renderer\x64\debug\renderer.tlog\fxc.command.1.tlog
c:\full sail\engine development\frustumculling\renderer\x64\debug\renderer.tlog\fxc.read.1.tlog
c:\full sail\engine development\frustumculling\renderer\x64\debug\renderer.tlog\fxc.write.1.tlog
c:\full sail\engine development\frustumculling\renderer\x64\debug\renderer.tlog\link.command.1.tlog
c:\full sail\engine development\frustumculling\renderer\x64\debug\renderer.tlog\link.read.1.tlog
c:\full sail\engine development\frustumculling\renderer\x64\debug\renderer.tlog\link.write.1.tlog
